<?xml version="1.0" encoding="UTF-8"?>
<!-- Generated by org.testng.reporters.JUnitReportReporter -->
<testsuite skipped="0" hostname="IN2374582W1" name="com.qa.executiontestcases.MUAccessExecutionForSingleUserSingleAccess_ADD" tests="1" failures="0" timestamp="27 Sep 2019 14:44:37 GMT" time="187.843" errors="0">
  <testcase name="singleUserSingleAccessAddEntitlement" time="187.843" classname="com.qa.executiontestcases.MUAccessExecutionForSingleUserSingleAccess_ADD"/>
</testsuite> <!-- com.qa.executiontestcases.MUAccessExecutionForSingleUserSingleAccess_ADD -->
