<?xml version="1.0" encoding="UTF-8"?>
<!-- Generated by org.testng.reporters.JUnitReportReporter -->
<testsuite skipped="0" hostname="IN2374582W1" name="com.qa.executiontestcases.ManageUserAccessExecutionForSingleUser" tests="1" failures="0" timestamp="27 Sep 2019 14:14:12 GMT" time="212.313" errors="0">
  <testcase name="singleUserSingleAccessAddEntitlement" time="212.313" classname="com.qa.executiontestcases.ManageUserAccessExecutionForSingleUser"/>
</testsuite> <!-- com.qa.executiontestcases.ManageUserAccessExecutionForSingleUser -->
